Invalid HTTP_HOST header: '127.0.0.1:8000'. You may need to add '127.0.0.1' to ALLOWED_HOSTS.
Invalid HTTP_HOST header: '127.0.0.1:8000'. You may need to add '127.0.0.1' to ALLOWED_HOSTS.
Invalid HTTP_HOST header: '127.0.0.1:8000'. You may need to add '127.0.0.1' to ALLOWED_HOSTS.
Invalid HTTP_HOST header: '127.0.0.1:8000'. You may need to add '127.0.0.1' to ALLOWED_HOSTS.
Invalid HTTP_HOST header: '127.0.0.1:8000'. You may need to add '127.0.0.1' to ALLOWED_HOSTS.
Invalid HTTP_HOST header: '127.0.0.1:8000'. You may need to add '127.0.0.1' to ALLOWED_HOSTS.
Invalid HTTP_HOST header: '127.0.0.1:8000'. You may need to add '127.0.0.1' to ALLOWED_HOSTS.
Invalid HTTP_HOST header: '127.0.0.1:8000'. You may need to add '127.0.0.1' to ALLOWED_HOSTS.
Invalid HTTP_HOST header: '127.0.0.1:8000'. You may need to add '127.0.0.1' to ALLOWED_HOSTS.
You're accessing the development server over HTTPS, but it only supports HTTP.

You're accessing the development server over HTTPS, but it only supports HTTP.

You're accessing the development server over HTTPS, but it only supports HTTP.

You're accessing the development server over HTTPS, but it only supports HTTP.

You're accessing the development server over HTTPS, but it only supports HTTP.

You're accessing the development server over HTTPS, but it only supports HTTP.

You're accessing the development server over HTTPS, but it only supports HTTP.

You're accessing the development server over HTTPS, but it only supports HTTP.

You're accessing the development server over HTTPS, but it only supports HTTP.

You're accessing the development server over HTTPS, but it only supports HTTP.

You're accessing the development server over HTTPS, but it only supports HTTP.

You're accessing the development server over HTTPS, but it only supports HTTP.

You're accessing the development server over HTTPS, but it only supports HTTP.

You're accessing the development server over HTTPS, but it only supports HTTP.

You're accessing the development server over HTTPS, but it only supports HTTP.

You're accessing the development server over HTTPS, but it only supports HTTP.

You're accessing the development server over HTTPS, but it only supports HTTP.

You're accessing the development server over HTTPS, but it only supports HTTP.

You're accessing the development server over HTTPS, but it only supports HTTP.

You're accessing the development server over HTTPS, but it only supports HTTP.

You're accessing the development server over HTTPS, but it only supports HTTP.

You're accessing the development server over HTTPS, but it only supports HTTP.

You're accessing the development server over HTTPS, but it only supports HTTP.

You're accessing the development server over HTTPS, but it only supports HTTP.

You're accessing the development server over HTTPS, but it only supports HTTP.

You're accessing the development server over HTTPS, but it only supports HTTP.

You're accessing the development server over HTTPS, but it only supports HTTP.

You're accessing the development server over HTTPS, but it only supports HTTP.

You're accessing the development server over HTTPS, but it only supports HTTP.

You're accessing the development server over HTTPS, but it only supports HTTP.

You're accessing the development server over HTTPS, but it only supports HTTP.

You're accessing the development server over HTTPS, but it only supports HTTP.

Internal Server Error: /login/
Traceback (most recent call last):
  File "C:\Users\91787\AppData\Local\Programs\Python\Python312\Lib\site-packages\django\core\handlers\exception.py", line 47, in inner
    response = get_response(request)
               ^^^^^^^^^^^^^^^^^^^^^
  File "C:\Users\91787\AppData\Local\Programs\Python\Python312\Lib\site-packages\django\core\handlers\base.py", line 181, in _get_response
    response = wrapped_callback(request, *callback_args, **callback_kwargs)
               ^^^^^^^^^^^^^^^^^^^^^^^^^^^^^^^^^^^^^^^^^^^^^^^^^^^^^^^^^^^^
  File "C:\Users\91787\lit-backend\backend\views.py", line 35, in login_view
    return render(request, 'login.html', {'form': form})
           ^^^^^^^^^^^^^^^^^^^^^^^^^^^^^^^^^^^^^^^^^^^^^
  File "C:\Users\91787\AppData\Local\Programs\Python\Python312\Lib\site-packages\django\shortcuts.py", line 19, in render
    content = loader.render_to_string(template_name, context, request, using=using)
              ^^^^^^^^^^^^^^^^^^^^^^^^^^^^^^^^^^^^^^^^^^^^^^^^^^^^^^^^^^^^^^^^^^^^^
  File "C:\Users\91787\AppData\Local\Programs\Python\Python312\Lib\site-packages\django\template\loader.py", line 61, in render_to_string
    template = get_template(template_name, using=using)
               ^^^^^^^^^^^^^^^^^^^^^^^^^^^^^^^^^^^^^^^^
  File "C:\Users\91787\AppData\Local\Programs\Python\Python312\Lib\site-packages\django\template\loader.py", line 19, in get_template
    raise TemplateDoesNotExist(template_name, chain=chain)
django.template.exceptions.TemplateDoesNotExist: login.html
"GET /login/ HTTP/1.1" 500 91796
Internal Server Error: /api/users/
Traceback (most recent call last):
  File "C:\Users\91787\AppData\Local\Programs\Python\Python312\Lib\site-packages\django\db\backends\utils.py", line 84, in _execute
    return self.cursor.execute(sql, params)
           ^^^^^^^^^^^^^^^^^^^^^^^^^^^^^^^^
  File "C:\Users\91787\AppData\Local\Programs\Python\Python312\Lib\site-packages\mssql\base.py", line 568, in execute
    return self.cursor.execute(sql, params)
           ^^^^^^^^^^^^^^^^^^^^^^^^^^^^^^^^
pyodbc.ProgrammingError: ('42S02', "[42S02] [Microsoft][ODBC Driver 18 for SQL Server][SQL Server]Invalid object name 'auth_user'. (208) (SQLExecDirectW)")

The above exception was the direct cause of the following exception:

Traceback (most recent call last):
  File "C:\Users\91787\AppData\Local\Programs\Python\Python312\Lib\site-packages\django\core\handlers\exception.py", line 47, in inner
    response = get_response(request)
               ^^^^^^^^^^^^^^^^^^^^^
  File "C:\Users\91787\AppData\Local\Programs\Python\Python312\Lib\site-packages\django\core\handlers\base.py", line 181, in _get_response
    response = wrapped_callback(request, *callback_args, **callback_kwargs)
               ^^^^^^^^^^^^^^^^^^^^^^^^^^^^^^^^^^^^^^^^^^^^^^^^^^^^^^^^^^^^
  File "C:\Users\91787\AppData\Local\Programs\Python\Python312\Lib\site-packages\django\views\decorators\csrf.py", line 54, in wrapped_view
    return view_func(*args, **kwargs)
           ^^^^^^^^^^^^^^^^^^^^^^^^^^
  File "C:\Users\91787\AppData\Local\Programs\Python\Python312\Lib\site-packages\django\views\generic\base.py", line 70, in view
    return self.dispatch(request, *args, **kwargs)
           ^^^^^^^^^^^^^^^^^^^^^^^^^^^^^^^^^^^^^^^
  File "C:\Users\91787\AppData\Local\Programs\Python\Python312\Lib\site-packages\rest_framework\views.py", line 509, in dispatch
    response = self.handle_exception(exc)
               ^^^^^^^^^^^^^^^^^^^^^^^^^^
  File "C:\Users\91787\AppData\Local\Programs\Python\Python312\Lib\site-packages\rest_framework\views.py", line 469, in handle_exception
    self.raise_uncaught_exception(exc)
  File "C:\Users\91787\AppData\Local\Programs\Python\Python312\Lib\site-packages\rest_framework\views.py", line 480, in raise_uncaught_exception
    raise exc
  File "C:\Users\91787\AppData\Local\Programs\Python\Python312\Lib\site-packages\rest_framework\views.py", line 506, in dispatch
    response = handler(request, *args, **kwargs)
               ^^^^^^^^^^^^^^^^^^^^^^^^^^^^^^^^^
  File "C:\Users\91787\AppData\Local\Programs\Python\Python312\Lib\site-packages\rest_framework\generics.py", line 239, in get
    return self.list(request, *args, **kwargs)
           ^^^^^^^^^^^^^^^^^^^^^^^^^^^^^^^^^^^
  File "C:\Users\91787\AppData\Local\Programs\Python\Python312\Lib\site-packages\rest_framework\mixins.py", line 46, in list
    return Response(serializer.data)
                    ^^^^^^^^^^^^^^^
  File "C:\Users\91787\AppData\Local\Programs\Python\Python312\Lib\site-packages\rest_framework\serializers.py", line 768, in data
    ret = super().data
          ^^^^^^^^^^^^
  File "C:\Users\91787\AppData\Local\Programs\Python\Python312\Lib\site-packages\rest_framework\serializers.py", line 253, in data
    self._data = self.to_representation(self.instance)
                 ^^^^^^^^^^^^^^^^^^^^^^^^^^^^^^^^^^^^^
  File "C:\Users\91787\AppData\Local\Programs\Python\Python312\Lib\site-packages\rest_framework\serializers.py", line 686, in to_representation
    return [
           ^
  File "C:\Users\91787\AppData\Local\Programs\Python\Python312\Lib\site-packages\django\db\models\query.py", line 280, in __iter__
    self._fetch_all()
  File "C:\Users\91787\AppData\Local\Programs\Python\Python312\Lib\site-packages\django\db\models\query.py", line 1324, in _fetch_all
    self._result_cache = list(self._iterable_class(self))
                         ^^^^^^^^^^^^^^^^^^^^^^^^^^^^^^^^
  File "C:\Users\91787\AppData\Local\Programs\Python\Python312\Lib\site-packages\django\db\models\query.py", line 51, in __iter__
    results = compiler.execute_sql(chunked_fetch=self.chunked_fetch, chunk_size=self.chunk_size)
              ^^^^^^^^^^^^^^^^^^^^^^^^^^^^^^^^^^^^^^^^^^^^^^^^^^^^^^^^^^^^^^^^^^^^^^^^^^^^^^^^^^
  File "C:\Users\91787\AppData\Local\Programs\Python\Python312\Lib\site-packages\django\db\models\sql\compiler.py", line 1175, in execute_sql
    cursor.execute(sql, params)
  File "C:\Users\91787\AppData\Local\Programs\Python\Python312\Lib\site-packages\django\db\backends\utils.py", line 98, in execute
    return super().execute(sql, params)
           ^^^^^^^^^^^^^^^^^^^^^^^^^^^^
  File "C:\Users\91787\AppData\Local\Programs\Python\Python312\Lib\site-packages\django\db\backends\utils.py", line 66, in execute
    return self._execute_with_wrappers(sql, params, many=False, executor=self._execute)
           ^^^^^^^^^^^^^^^^^^^^^^^^^^^^^^^^^^^^^^^^^^^^^^^^^^^^^^^^^^^^^^^^^^^^^^^^^^^^
  File "C:\Users\91787\AppData\Local\Programs\Python\Python312\Lib\site-packages\django\db\backends\utils.py", line 75, in _execute_with_wrappers
    return executor(sql, params, many, context)
           ^^^^^^^^^^^^^^^^^^^^^^^^^^^^^^^^^^^^
  File "C:\Users\91787\AppData\Local\Programs\Python\Python312\Lib\site-packages\django\db\backends\utils.py", line 79, in _execute
    with self.db.wrap_database_errors:
  File "C:\Users\91787\AppData\Local\Programs\Python\Python312\Lib\site-packages\django\db\utils.py", line 90, in __exit__
    raise dj_exc_value.with_traceback(traceback) from exc_value
  File "C:\Users\91787\AppData\Local\Programs\Python\Python312\Lib\site-packages\django\db\backends\utils.py", line 84, in _execute
    return self.cursor.execute(sql, params)
           ^^^^^^^^^^^^^^^^^^^^^^^^^^^^^^^^
  File "C:\Users\91787\AppData\Local\Programs\Python\Python312\Lib\site-packages\mssql\base.py", line 568, in execute
    return self.cursor.execute(sql, params)
           ^^^^^^^^^^^^^^^^^^^^^^^^^^^^^^^^
django.db.utils.ProgrammingError: ('42S02', "[42S02] [Microsoft][ODBC Driver 18 for SQL Server][SQL Server]Invalid object name 'auth_user'. (208) (SQLExecDirectW)")
"GET /api/users/ HTTP/1.1" 500 182646
You're accessing the development server over HTTPS, but it only supports HTTP.

You're accessing the development server over HTTPS, but it only supports HTTP.

Invalid HTTP_HOST header: 'localhost:8000'. You may need to add 'localhost' to ALLOWED_HOSTS.
Invalid HTTP_HOST header: 'localhost:8000'. You may need to add 'localhost' to ALLOWED_HOSTS.
You're accessing the development server over HTTPS, but it only supports HTTP.

You're accessing the development server over HTTPS, but it only supports HTTP.

You're accessing the development server over HTTPS, but it only supports HTTP.

You're accessing the development server over HTTPS, but it only supports HTTP.

You're accessing the development server over HTTPS, but it only supports HTTP.

You're accessing the development server over HTTPS, but it only supports HTTP.

You're accessing the development server over HTTPS, but it only supports HTTP.

You're accessing the development server over HTTPS, but it only supports HTTP.

You're accessing the development server over HTTPS, but it only supports HTTP.

You're accessing the development server over HTTPS, but it only supports HTTP.

You're accessing the development server over HTTPS, but it only supports HTTP.

You're accessing the development server over HTTPS, but it only supports HTTP.

You're accessing the development server over HTTPS, but it only supports HTTP.

You're accessing the development server over HTTPS, but it only supports HTTP.

You're accessing the development server over HTTPS, but it only supports HTTP.

You're accessing the development server over HTTPS, but it only supports HTTP.

You're accessing the development server over HTTPS, but it only supports HTTP.

You're accessing the development server over HTTPS, but it only supports HTTP.

You're accessing the development server over HTTPS, but it only supports HTTP.

You're accessing the development server over HTTPS, but it only supports HTTP.

You're accessing the development server over HTTPS, but it only supports HTTP.

You're accessing the development server over HTTPS, but it only supports HTTP.

Invalid HTTP_HOST header: '127.0.0.1:8000'. You may need to add '127.0.0.1' to ALLOWED_HOSTS.
Invalid HTTP_HOST header: '127.0.0.1:8000'. You may need to add '127.0.0.1' to ALLOWED_HOSTS.
You're accessing the development server over HTTPS, but it only supports HTTP.

You're accessing the development server over HTTPS, but it only supports HTTP.

You're accessing the development server over HTTPS, but it only supports HTTP.

You're accessing the development server over HTTPS, but it only supports HTTP.

You're accessing the development server over HTTPS, but it only supports HTTP.

You're accessing the development server over HTTPS, but it only supports HTTP.

You're accessing the development server over HTTPS, but it only supports HTTP.

You're accessing the development server over HTTPS, but it only supports HTTP.

You're accessing the development server over HTTPS, but it only supports HTTP.

You're accessing the development server over HTTPS, but it only supports HTTP.

You're accessing the development server over HTTPS, but it only supports HTTP.

You're accessing the development server over HTTPS, but it only supports HTTP.

You're accessing the development server over HTTPS, but it only supports HTTP.

You're accessing the development server over HTTPS, but it only supports HTTP.

You're accessing the development server over HTTPS, but it only supports HTTP.

You're accessing the development server over HTTPS, but it only supports HTTP.

You're accessing the development server over HTTPS, but it only supports HTTP.

You're accessing the development server over HTTPS, but it only supports HTTP.

You're accessing the development server over HTTPS, but it only supports HTTP.

You're accessing the development server over HTTPS, but it only supports HTTP.

You're accessing the development server over HTTPS, but it only supports HTTP.

You're accessing the development server over HTTPS, but it only supports HTTP.

You're accessing the development server over HTTPS, but it only supports HTTP.

You're accessing the development server over HTTPS, but it only supports HTTP.

You're accessing the development server over HTTPS, but it only supports HTTP.

You're accessing the development server over HTTPS, but it only supports HTTP.

Internal Server Error: /login/
Traceback (most recent call last):
  File "C:\Users\91787\AppData\Local\Programs\Python\Python312\Lib\site-packages\django\core\handlers\exception.py", line 47, in inner
    response = get_response(request)
               ^^^^^^^^^^^^^^^^^^^^^
  File "C:\Users\91787\AppData\Local\Programs\Python\Python312\Lib\site-packages\django\core\handlers\base.py", line 181, in _get_response
    response = wrapped_callback(request, *callback_args, **callback_kwargs)
               ^^^^^^^^^^^^^^^^^^^^^^^^^^^^^^^^^^^^^^^^^^^^^^^^^^^^^^^^^^^^
  File "C:\Users\91787\lit-backend\backend\views.py", line 35, in login_view
    return render(request, 'login.html', {'form': form})
           ^^^^^^^^^^^^^^^^^^^^^^^^^^^^^^^^^^^^^^^^^^^^^
  File "C:\Users\91787\AppData\Local\Programs\Python\Python312\Lib\site-packages\django\shortcuts.py", line 19, in render
    content = loader.render_to_string(template_name, context, request, using=using)
              ^^^^^^^^^^^^^^^^^^^^^^^^^^^^^^^^^^^^^^^^^^^^^^^^^^^^^^^^^^^^^^^^^^^^^
  File "C:\Users\91787\AppData\Local\Programs\Python\Python312\Lib\site-packages\django\template\loader.py", line 61, in render_to_string
    template = get_template(template_name, using=using)
               ^^^^^^^^^^^^^^^^^^^^^^^^^^^^^^^^^^^^^^^^
  File "C:\Users\91787\AppData\Local\Programs\Python\Python312\Lib\site-packages\django\template\loader.py", line 19, in get_template
    raise TemplateDoesNotExist(template_name, chain=chain)
django.template.exceptions.TemplateDoesNotExist: login.html
"GET /login/ HTTP/1.1" 500 145
You're accessing the development server over HTTPS, but it only supports HTTP.

You're accessing the development server over HTTPS, but it only supports HTTP.

You're accessing the development server over HTTPS, but it only supports HTTP.

You're accessing the development server over HTTPS, but it only supports HTTP.

